<?xml version="1.0" encoding="UTF-8"?>
<!-- Generated by org.testng.reporters.JUnitReportReporter -->
<testsuite hostname="LAPTOP-B6GUK874" failures="0" tests="2" name="TestCases.DashboradPageTest" time="37.945" errors="0" timestamp="2022-06-15T18:57:08 IST" skipped="1">
  <testcase classname="TestCases.DashboradPageTest" name="verifyusernametest" time="37.945"/>
  <system-out/>
  <testcase classname="TestCases.DashboradPageTest" name="verifyemailtest">
    <skipped/>
  </testcase> <!-- verifyemailtest -->
  <system-out/>
</testsuite> <!-- TestCases.DashboradPageTest -->
