<?xml version="1.0" encoding="UTF-8"?>
<!-- Generated by org.testng.reporters.JUnitReportReporter -->
<testsuite hostname="LAPTOP-B6GUK874" failures="0" tests="4" name="TestCases.DependsOnMethods" time="45.353" errors="0" timestamp="2022-06-11T15:05:52 IST" skipped="0">
  <testcase classname="TestCases.DependsOnMethods" name="verifykitelogoTest" time="6.859"/>
  <system-out/>
  <testcase classname="TestCases.DependsOnMethods" name="verifytitletest" time="5.247"/>
  <system-out/>
  <testcase classname="TestCases.DependsOnMethods" name="verifyzerodhalogoTest" time="5.607"/>
  <system-out/>
  <testcase classname="TestCases.DependsOnMethods" name="LogintoappTest" time="27.640"/>
  <system-out/>
</testsuite> <!-- TestCases.DependsOnMethods -->
