<?xml version="1.0" encoding="UTF-8"?>
<!-- Generated by org.testng.reporters.JUnitReportReporter -->
<testsuite hostname="LAPTOP-B6GUK874" failures="0" tests="4" name="TestCases.LoginPageTest" time="64.660" errors="0" timestamp="2022-06-09T13:58:00 IST" skipped="0">
  <testcase classname="TestCases.LoginPageTest" name="verifykitelogoTest" time="10.058"/>
  <system-out/>
  <testcase classname="TestCases.LoginPageTest" name="LogintoappTest" time="33.990"/>
  <system-out/>
  <testcase classname="TestCases.LoginPageTest" name="verifyzerodhalogoTest" time="10.497"/>
  <system-out/>
  <testcase classname="TestCases.LoginPageTest" name="verifytitletest" time="10.115"/>
  <system-out/>
</testsuite> <!-- TestCases.LoginPageTest -->
