<?xml version="1.0" encoding="UTF-8"?>
<!-- Generated by org.testng.reporters.JUnitReportReporter -->
<testsuite hostname="LAPTOP-B6GUK874" failures="0" tests="10" name="TestCases.IncovationCountTest" time="76.089" errors="0" timestamp="2022-06-11T15:16:04 IST" skipped="0">
  <testcase classname="TestCases.IncovationCountTest" name="verifytitletest" time="6.245"/>
  <system-out/>
  <testcase classname="TestCases.IncovationCountTest" name="verifytitletest" time="5.329"/>
  <system-out/>
  <testcase classname="TestCases.IncovationCountTest" name="verifytitletest" time="4.886"/>
  <system-out/>
  <testcase classname="TestCases.IncovationCountTest" name="verifykitelogoTest" time="5.843"/>
  <system-out/>
  <testcase classname="TestCases.IncovationCountTest" name="verifykitelogoTest" time="5.692"/>
  <system-out/>
  <testcase classname="TestCases.IncovationCountTest" name="verifykitelogoTest" time="5.433"/>
  <system-out/>
  <testcase classname="TestCases.IncovationCountTest" name="verifyzerodhalogoTest" time="5.573"/>
  <system-out/>
  <testcase classname="TestCases.IncovationCountTest" name="verifyzerodhalogoTest" time="5.227"/>
  <system-out/>
  <testcase classname="TestCases.IncovationCountTest" name="verifyzerodhalogoTest" time="5.654"/>
  <system-out/>
  <testcase classname="TestCases.IncovationCountTest" name="LogintoappTest" time="26.207"/>
  <system-out/>
</testsuite> <!-- TestCases.IncovationCountTest -->
