<?xml version="1.0" encoding="UTF-8"?>
<!-- Generated by org.testng.reporters.JUnitReportReporter -->
<testsuite hostname="LAPTOP-B6GUK874" failures="0" tests="3" name="TestCases.GroupTest_1" time="24.212" errors="0" timestamp="2022-06-15T18:57:09 IST" skipped="1">
  <testcase classname="TestCases.GroupTest_1" name="verifykitelogoTest" time="13.397"/>
  <system-out/>
  <testcase classname="TestCases.GroupTest_1" name="verifytitletest" time="10.815"/>
  <system-out/>
  <testcase classname="TestCases.GroupTest_1" name="LogintoappTest">
    <skipped/>
  </testcase> <!-- LogintoappTest -->
  <system-out/>
</testsuite> <!-- TestCases.GroupTest_1 -->
